<?xml version="1.0" encoding="UTF-8"?>
<testng-results skipped="0" failed="0" total="1" passed="1">
  <reporter-output>
  </reporter-output>
  <suite name="Default suite" duration-ms="51416" started-at="2022-07-05T08:41:46Z" finished-at="2022-07-05T08:42:38Z">
    <groups>
    </groups>
    <test name="Default test" duration-ms="51416" started-at="2022-07-05T08:41:46Z" finished-at="2022-07-05T08:42:38Z">
      <class name="Automation.KeywordFramework.IrctcLogic">
        <test-method status="PASS" signature="readExcelandexecute()[pri:0, instance:Automation.KeywordFramework.IrctcLogic@73ad2d6]" name="readExcelandexecute" duration-ms="51393" started-at="2022-07-05T14:11:46Z" finished-at="2022-07-05T14:12:38Z">
          <reporter-output>
          </reporter-output>
        </test-method> <!-- readExcelandexecute -->
      </class> <!-- Automation.KeywordFramework.IrctcLogic -->
    </test> <!-- Default test -->
  </suite> <!-- Default suite -->
</testng-results>
